<testsuites id="" name="" tests="6" failures="0" skipped="0" errors="0" time="6.914738000005483">
<testsuite name="netlifyApp.spec.js" timestamp="2024-12-05T03:48:47.776Z" hostname="e2e" tests="6" failures="0" skipped="0" time="6.155" errors="0">
<testcase name="Netlify App Functional Features Validation › Test Case 1: Verify &quot;Implement user authentication&quot; is in the &quot;To Do&quot; column" classname="netlifyApp.spec.js" time="1.251">
</testcase>
<testcase name="Netlify App Functional Features Validation › Test Case 2: Verify &quot;Fix navigation bug&quot; is in the &quot;To Do&quot; column" classname="netlifyApp.spec.js" time="0.99">
</testcase>
<testcase name="Netlify App Functional Features Validation › Test Case 3: Verify &quot;Design system updates&quot; is in the &quot;In Progress&quot; column" classname="netlifyApp.spec.js" time="0.986">
</testcase>
<testcase name="Netlify App Functional Features Validation › Test Case 4: Verify &quot;Push notification system&quot; is in the &quot;To Do&quot; column" classname="netlifyApp.spec.js" time="0.967">
</testcase>
<testcase name="Netlify App Functional Features Validation › Test Case 5: Verify &quot;Offline mode&quot; is in the &quot;In Progress&quot; column" classname="netlifyApp.spec.js" time="0.969">
</testcase>
<testcase name="Netlify App Functional Features Validation › Test Case 6: Verify &quot;App icon design&quot; is in the &quot;Done&quot; column" classname="netlifyApp.spec.js" time="0.992">
</testcase>
</testsuite>
</testsuites>